android/app/build/intermediates/manifest_merge_blame_file/release/manifest-merger-blame-release-report.txt
1<?xml version="1.0" encoding="utf-8"?>
2<manifest xmlns:android="http://schemas.android.com/apk/res/android"
3    package="com.calendar.wafire"
4    android:versionCode="1"
5    android:versionName="1.0" >
6
7    <uses-sdk
8        android:minSdkVersion="21"
8-->src/main/AndroidManifest.xml
9        android:targetSdkVersion="31" />
9-->src/main/AndroidManifest.xml
10
11    <uses-permission android:name="android.permission.INTERNET" />
11-->src/main/AndroidManifest.xml:4:5-67
11-->src/main/AndroidManifest.xml:4:22-64
12    <!-- <uses-permission android:name="android.permission.CAMERA"/> -->
13    <uses-permission android:name="android.permission.WRITE_EXTERNAL_STORAGE" />
13-->src/main/AndroidManifest.xml:6:5-80
13-->src/main/AndroidManifest.xml:6:22-78
14    <uses-permission android:name="android.permission.READ_EXTERNAL_STORAGE" />
14-->src/main/AndroidManifest.xml:7:5-79
14-->src/main/AndroidManifest.xml:7:22-77
15    <uses-permission android:name="android.permission.SYSTEM_ALERT_WINDOW" />
15-->src/main/AndroidManifest.xml:8:5-77
15-->src/main/AndroidManifest.xml:8:22-75
16
17    <queries>
17-->[:react-native-image-crop-picker] AndroidManifest.xml:9:5-13:15
18        <intent>
18-->[:react-native-image-crop-picker] AndroidManifest.xml:10:9-12:18
19            <action android:name="android.media.action.IMAGE_CAPTURE" />
19-->[:react-native-image-crop-picker] AndroidManifest.xml:11:13-73
19-->[:react-native-image-crop-picker] AndroidManifest.xml:11:21-70
20        </intent>
21    </queries> <!-- Create a unique permission for your app and use it so only your app can receive your OneSignal messages. -->
22    <permission
22-->[com.onesignal:OneSignal:4.7.3] AndroidManifest.xml:7:5-9:47
23        android:name="com.calendar.wafire.permission.C2D_MESSAGE"
23-->[com.onesignal:OneSignal:4.7.3] AndroidManifest.xml:8:9-63
24        android:protectionLevel="signature" />
24-->[com.onesignal:OneSignal:4.7.3] AndroidManifest.xml:9:9-44
25
26    <uses-permission android:name="com.calendar.wafire.permission.C2D_MESSAGE" /> <!-- c2dm RECEIVE are basic requirements for push messages through Google's FCM -->
26-->[com.onesignal:OneSignal:4.7.3] AndroidManifest.xml:11:5-79
26-->[com.onesignal:OneSignal:4.7.3] AndroidManifest.xml:11:22-76
27    <uses-permission android:name="com.google.android.c2dm.permission.RECEIVE" /> <!-- Required, makes sure notifications are delivered on time. -->
27-->[com.onesignal:OneSignal:4.7.3] AndroidManifest.xml:17:5-82
27-->[com.onesignal:OneSignal:4.7.3] AndroidManifest.xml:17:22-79
28    <uses-permission android:name="android.permission.WAKE_LOCK" />
28-->[com.onesignal:OneSignal:4.7.3] AndroidManifest.xml:18:5-68
28-->[com.onesignal:OneSignal:4.7.3] AndroidManifest.xml:18:22-65
29    <!--
30 Required so the device vibrates on receiving a push notification.
31         Vibration settings of the device still apply.
32    -->
33    <uses-permission android:name="android.permission.VIBRATE" />
33-->[com.onesignal:OneSignal:4.7.3] AndroidManifest.xml:23:5-66
33-->[com.onesignal:OneSignal:4.7.3] AndroidManifest.xml:23:22-63
34    <uses-permission android:name="android.permission.ACCESS_NETWORK_STATE" />
34-->[com.onesignal:OneSignal:4.7.3] AndroidManifest.xml:24:5-79
34-->[com.onesignal:OneSignal:4.7.3] AndroidManifest.xml:24:22-76
35    <!--
36 Use to restore notifications the user hasn't interacted with.
37         They could be missed notifications if the user reboots their device if this isn't in place.
38    -->
39    <uses-permission android:name="android.permission.RECEIVE_BOOT_COMPLETED" /> <!-- START: ShortcutBadger -->
39-->[com.onesignal:OneSignal:4.7.3] AndroidManifest.xml:29:5-81
39-->[com.onesignal:OneSignal:4.7.3] AndroidManifest.xml:29:22-78
40    <!-- Samsung -->
41    <uses-permission android:name="com.sec.android.provider.badge.permission.READ" />
41-->[com.onesignal:OneSignal:4.7.3] AndroidManifest.xml:31:5-86
41-->[com.onesignal:OneSignal:4.7.3] AndroidManifest.xml:31:22-83
42    <uses-permission android:name="com.sec.android.provider.badge.permission.WRITE" /> <!-- HTC -->
42-->[com.onesignal:OneSignal:4.7.3] AndroidManifest.xml:32:5-87
42-->[com.onesignal:OneSignal:4.7.3] AndroidManifest.xml:32:22-84
43    <uses-permission android:name="com.htc.launcher.permission.READ_SETTINGS" />
43-->[com.onesignal:OneSignal:4.7.3] AndroidManifest.xml:33:5-81
43-->[com.onesignal:OneSignal:4.7.3] AndroidManifest.xml:33:22-78
44    <uses-permission android:name="com.htc.launcher.permission.UPDATE_SHORTCUT" /> <!-- Sony -->
44-->[com.onesignal:OneSignal:4.7.3] AndroidManifest.xml:34:5-83
44-->[com.onesignal:OneSignal:4.7.3] AndroidManifest.xml:34:22-80
45    <uses-permission android:name="com.sonyericsson.home.permission.BROADCAST_BADGE" />
45-->[com.onesignal:OneSignal:4.7.3] AndroidManifest.xml:35:5-88
45-->[com.onesignal:OneSignal:4.7.3] AndroidManifest.xml:35:22-85
46    <uses-permission android:name="com.sonymobile.home.permission.PROVIDER_INSERT_BADGE" /> <!-- Apex -->
46-->[com.onesignal:OneSignal:4.7.3] AndroidManifest.xml:36:5-92
46-->[com.onesignal:OneSignal:4.7.3] AndroidManifest.xml:36:22-89
47    <uses-permission android:name="com.anddoes.launcher.permission.UPDATE_COUNT" /> <!-- Solid -->
47-->[com.onesignal:OneSignal:4.7.3] AndroidManifest.xml:37:5-84
47-->[com.onesignal:OneSignal:4.7.3] AndroidManifest.xml:37:22-81
48    <uses-permission android:name="com.majeur.launcher.permission.UPDATE_BADGE" /> <!-- Huawei -->
48-->[com.onesignal:OneSignal:4.7.3] AndroidManifest.xml:38:5-83
48-->[com.onesignal:OneSignal:4.7.3] AndroidManifest.xml:38:22-80
49    <uses-permission android:name="com.huawei.android.launcher.permission.CHANGE_BADGE" />
49-->[com.onesignal:OneSignal:4.7.3] AndroidManifest.xml:39:5-91
49-->[com.onesignal:OneSignal:4.7.3] AndroidManifest.xml:39:22-88
50    <uses-permission android:name="com.huawei.android.launcher.permission.READ_SETTINGS" />
50-->[com.onesignal:OneSignal:4.7.3] AndroidManifest.xml:40:5-92
50-->[com.onesignal:OneSignal:4.7.3] AndroidManifest.xml:40:22-89
51    <uses-permission android:name="com.huawei.android.launcher.permission.WRITE_SETTINGS" /> <!-- ZUK -->
51-->[com.onesignal:OneSignal:4.7.3] AndroidManifest.xml:41:5-93
51-->[com.onesignal:OneSignal:4.7.3] AndroidManifest.xml:41:22-90
52    <uses-permission android:name="android.permission.READ_APP_BADGE" /> <!-- OPPO -->
52-->[com.onesignal:OneSignal:4.7.3] AndroidManifest.xml:42:5-73
52-->[com.onesignal:OneSignal:4.7.3] AndroidManifest.xml:42:22-70
53    <uses-permission android:name="com.oppo.launcher.permission.READ_SETTINGS" />
53-->[com.onesignal:OneSignal:4.7.3] AndroidManifest.xml:43:5-82
53-->[com.onesignal:OneSignal:4.7.3] AndroidManifest.xml:43:22-79
54    <uses-permission android:name="com.oppo.launcher.permission.WRITE_SETTINGS" /> <!-- EvMe -->
54-->[com.onesignal:OneSignal:4.7.3] AndroidManifest.xml:44:5-83
54-->[com.onesignal:OneSignal:4.7.3] AndroidManifest.xml:44:22-80
55    <uses-permission android:name="me.everything.badger.permission.BADGE_COUNT_READ" />
55-->[com.onesignal:OneSignal:4.7.3] AndroidManifest.xml:45:5-88
55-->[com.onesignal:OneSignal:4.7.3] AndroidManifest.xml:45:22-85
56    <uses-permission android:name="me.everything.badger.permission.BADGE_COUNT_WRITE" />
56-->[com.onesignal:OneSignal:4.7.3] AndroidManifest.xml:46:5-89
56-->[com.onesignal:OneSignal:4.7.3] AndroidManifest.xml:46:22-86
57    <uses-permission android:name="android.permission.FOREGROUND_SERVICE" />
57-->[androidx.work:work-runtime:2.7.1] AndroidManifest.xml:28:5-77
57-->[androidx.work:work-runtime:2.7.1] AndroidManifest.xml:28:22-74
58
59    <application
59-->src/main/AndroidManifest.xml:10:5-30:19
60        android:name="com.calendar.wafire.MainApplication"
60-->src/main/AndroidManifest.xml:11:7-38
61        android:allowBackup="false"
61-->src/main/AndroidManifest.xml:15:7-34
62        android:appComponentFactory="androidx.core.app.CoreComponentFactory"
62-->[androidx.core:core:1.7.0] AndroidManifest.xml:24:18-86
63        android:icon="@mipmap/ic_launcher"
63-->src/main/AndroidManifest.xml:13:7-41
64        android:label="@string/app_name"
64-->src/main/AndroidManifest.xml:12:7-39
65        android:roundIcon="@mipmap/ic_launcher_round"
65-->src/main/AndroidManifest.xml:14:7-52
66        android:theme="@style/AppTheme" >
66-->src/main/AndroidManifest.xml:16:7-38
67        <activity
67-->src/main/AndroidManifest.xml:17:7-29:18
68            android:name="com.calendar.wafire.MainActivity"
68-->src/main/AndroidManifest.xml:18:9-37
69            android:configChanges="keyboard|keyboardHidden|orientation|screenLayout|screenSize|smallestScreenSize|uiMode"
69-->src/main/AndroidManifest.xml:21:9-118
70            android:exported="true"
70-->src/main/AndroidManifest.xml:24:9-32
71            android:label="@string/app_name"
71-->src/main/AndroidManifest.xml:19:9-41
72            android:launchMode="singleTask"
72-->src/main/AndroidManifest.xml:22:9-40
73            android:screenOrientation="portrait"
73-->src/main/AndroidManifest.xml:20:9-45
74            android:windowSoftInputMode="adjustResize" >
74-->src/main/AndroidManifest.xml:23:9-51
75            <intent-filter>
75-->src/main/AndroidManifest.xml:25:9-28:25
76                <action android:name="android.intent.action.MAIN" />
76-->src/main/AndroidManifest.xml:26:13-65
76-->src/main/AndroidManifest.xml:26:21-62
77
78                <category android:name="android.intent.category.LAUNCHER" />
78-->src/main/AndroidManifest.xml:27:13-73
78-->src/main/AndroidManifest.xml:27:23-70
79            </intent-filter>
80        </activity>
81
82        <provider
82-->[:react-native-image-crop-picker] AndroidManifest.xml:18:9-26:20
83            android:name="com.reactnative.ivpusic.imagepicker.IvpusicImagePickerFileProvider"
83-->[:react-native-image-crop-picker] AndroidManifest.xml:19:13-94
84            android:authorities="com.calendar.wafire.provider"
84-->[:react-native-image-crop-picker] AndroidManifest.xml:20:13-60
85            android:exported="false"
85-->[:react-native-image-crop-picker] AndroidManifest.xml:21:13-37
86            android:grantUriPermissions="true" >
86-->[:react-native-image-crop-picker] AndroidManifest.xml:22:13-47
87            <meta-data
87-->[:react-native-image-crop-picker] AndroidManifest.xml:23:13-25:78
88                android:name="android.support.FILE_PROVIDER_PATHS"
88-->[:react-native-image-crop-picker] AndroidManifest.xml:24:17-67
89                android:resource="@xml/ivpusic_imagepicker_provider_paths" />
89-->[:react-native-image-crop-picker] AndroidManifest.xml:25:17-75
90        </provider>
91
92        <activity
92-->[:react-native-image-crop-picker] AndroidManifest.xml:28:9-30:72
93            android:name="com.yalantis.ucrop.UCropActivity"
93-->[:react-native-image-crop-picker] AndroidManifest.xml:29:13-60
94            android:theme="@style/Theme.AppCompat.Light.NoActionBar" />
94-->[:react-native-image-crop-picker] AndroidManifest.xml:30:13-69
95
96        <receiver
96-->[com.onesignal:OneSignal:4.7.3] AndroidManifest.xml:49:9-60:20
97            android:name="com.onesignal.FCMBroadcastReceiver"
97-->[com.onesignal:OneSignal:4.7.3] AndroidManifest.xml:50:13-62
98            android:exported="true"
98-->[com.onesignal:OneSignal:4.7.3] AndroidManifest.xml:51:13-36
99            android:permission="com.google.android.c2dm.permission.SEND" >
99-->[com.onesignal:OneSignal:4.7.3] AndroidManifest.xml:52:13-73
100
101            <!-- High priority so OneSignal payloads can be filtered from other FCM receivers -->
102            <intent-filter android:priority="999" >
102-->[com.onesignal:OneSignal:4.7.3] AndroidManifest.xml:55:13-59:29
102-->[com.onesignal:OneSignal:4.7.3] AndroidManifest.xml:55:28-50
103                <action android:name="com.google.android.c2dm.intent.RECEIVE" />
103-->[com.onesignal:OneSignal:4.7.3] AndroidManifest.xml:56:17-81
103-->[com.onesignal:OneSignal:4.7.3] AndroidManifest.xml:56:25-78
104
105                <category android:name="com.calendar.wafire" />
105-->[com.onesignal:OneSignal:4.7.3] AndroidManifest.xml:58:17-61
105-->[com.onesignal:OneSignal:4.7.3] AndroidManifest.xml:58:27-58
106            </intent-filter>
107        </receiver>
108
109        <service
109-->[com.onesignal:OneSignal:4.7.3] AndroidManifest.xml:62:9-68:19
110            android:name="com.onesignal.HmsMessageServiceOneSignal"
110-->[com.onesignal:OneSignal:4.7.3] AndroidManifest.xml:63:13-68
111            android:exported="false" >
111-->[com.onesignal:OneSignal:4.7.3] AndroidManifest.xml:64:13-37
112            <intent-filter>
112-->[com.onesignal:OneSignal:4.7.3] AndroidManifest.xml:65:13-67:29
113                <action android:name="com.huawei.push.action.MESSAGING_EVENT" />
113-->[com.onesignal:OneSignal:4.7.3] AndroidManifest.xml:66:17-81
113-->[com.onesignal:OneSignal:4.7.3] AndroidManifest.xml:66:25-78
114            </intent-filter>
115        </service>
116
117        <activity
117-->[com.onesignal:OneSignal:4.7.3] AndroidManifest.xml:70:9-78:20
118            android:name="com.onesignal.NotificationOpenedActivityHMS"
118-->[com.onesignal:OneSignal:4.7.3] AndroidManifest.xml:71:13-71
119            android:exported="true"
119-->[com.onesignal:OneSignal:4.7.3] AndroidManifest.xml:72:13-36
120            android:noHistory="true"
120-->[com.onesignal:OneSignal:4.7.3] AndroidManifest.xml:73:13-37
121            android:theme="@android:style/Theme.Translucent.NoTitleBar" >
121-->[com.onesignal:OneSignal:4.7.3] AndroidManifest.xml:74:13-72
122            <intent-filter>
122-->[com.onesignal:OneSignal:4.7.3] AndroidManifest.xml:75:13-77:29
123                <action android:name="android.intent.action.VIEW" />
123-->[com.onesignal:OneSignal:4.7.3] AndroidManifest.xml:76:17-69
123-->[com.onesignal:OneSignal:4.7.3] AndroidManifest.xml:76:25-66
124            </intent-filter>
125        </activity>
126
127        <service
127-->[com.onesignal:OneSignal:4.7.3] AndroidManifest.xml:80:9-82:40
128            android:name="com.onesignal.FCMIntentService"
128-->[com.onesignal:OneSignal:4.7.3] AndroidManifest.xml:81:13-58
129            android:exported="false" />
129-->[com.onesignal:OneSignal:4.7.3] AndroidManifest.xml:82:13-37
130        <service
130-->[com.onesignal:OneSignal:4.7.3] AndroidManifest.xml:83:9-86:72
131            android:name="com.onesignal.FCMIntentJobService"
131-->[com.onesignal:OneSignal:4.7.3] AndroidManifest.xml:84:13-61
132            android:exported="false"
132-->[com.onesignal:OneSignal:4.7.3] AndroidManifest.xml:85:13-37
133            android:permission="android.permission.BIND_JOB_SERVICE" />
133-->[com.onesignal:OneSignal:4.7.3] AndroidManifest.xml:86:13-69
134        <service
134-->[com.onesignal:OneSignal:4.7.3] AndroidManifest.xml:87:9-90:43
135            android:name="com.onesignal.SyncService"
135-->[com.onesignal:OneSignal:4.7.3] AndroidManifest.xml:88:13-53
136            android:exported="false"
136-->[com.onesignal:OneSignal:4.7.3] AndroidManifest.xml:89:13-37
137            android:stopWithTask="true" />
137-->[com.onesignal:OneSignal:4.7.3] AndroidManifest.xml:90:13-40
138        <service
138-->[com.onesignal:OneSignal:4.7.3] AndroidManifest.xml:91:9-94:72
139            android:name="com.onesignal.SyncJobService"
139-->[com.onesignal:OneSignal:4.7.3] AndroidManifest.xml:92:13-56
140            android:exported="false"
140-->[com.onesignal:OneSignal:4.7.3] AndroidManifest.xml:93:13-37
141            android:permission="android.permission.BIND_JOB_SERVICE" />
141-->[com.onesignal:OneSignal:4.7.3] AndroidManifest.xml:94:13-69
142
143        <activity
143-->[com.onesignal:OneSignal:4.7.3] AndroidManifest.xml:96:9-99:75
144            android:name="com.onesignal.PermissionsActivity"
144-->[com.onesignal:OneSignal:4.7.3] AndroidManifest.xml:97:13-61
145            android:exported="false"
145-->[com.onesignal:OneSignal:4.7.3] AndroidManifest.xml:98:13-37
146            android:theme="@android:style/Theme.Translucent.NoTitleBar" />
146-->[com.onesignal:OneSignal:4.7.3] AndroidManifest.xml:99:13-72
147
148        <receiver
148-->[com.onesignal:OneSignal:4.7.3] AndroidManifest.xml:101:9-103:39
149            android:name="com.onesignal.NotificationDismissReceiver"
149-->[com.onesignal:OneSignal:4.7.3] AndroidManifest.xml:102:13-69
150            android:exported="true" />
150-->[com.onesignal:OneSignal:4.7.3] AndroidManifest.xml:103:13-36
151        <receiver
151-->[com.onesignal:OneSignal:4.7.3] AndroidManifest.xml:104:9-111:20
152            android:name="com.onesignal.BootUpReceiver"
152-->[com.onesignal:OneSignal:4.7.3] AndroidManifest.xml:105:13-56
153            android:exported="true" >
153-->[com.onesignal:OneSignal:4.7.3] AndroidManifest.xml:106:13-36
154            <intent-filter>
154-->[com.onesignal:OneSignal:4.7.3] AndroidManifest.xml:107:13-110:29
155                <action android:name="android.intent.action.BOOT_COMPLETED" />
155-->[com.onesignal:OneSignal:4.7.3] AndroidManifest.xml:108:17-79
155-->[com.onesignal:OneSignal:4.7.3] AndroidManifest.xml:108:25-76
156                <action android:name="android.intent.action.QUICKBOOT_POWERON" />
156-->[com.onesignal:OneSignal:4.7.3] AndroidManifest.xml:109:17-82
156-->[com.onesignal:OneSignal:4.7.3] AndroidManifest.xml:109:25-79
157            </intent-filter>
158        </receiver>
159        <receiver
159-->[com.onesignal:OneSignal:4.7.3] AndroidManifest.xml:112:9-118:20
160            android:name="com.onesignal.UpgradeReceiver"
160-->[com.onesignal:OneSignal:4.7.3] AndroidManifest.xml:113:13-57
161            android:exported="true" >
161-->[com.onesignal:OneSignal:4.7.3] AndroidManifest.xml:114:13-36
162            <intent-filter>
162-->[com.onesignal:OneSignal:4.7.3] AndroidManifest.xml:115:13-117:29
163                <action android:name="android.intent.action.MY_PACKAGE_REPLACED" />
163-->[com.onesignal:OneSignal:4.7.3] AndroidManifest.xml:116:17-84
163-->[com.onesignal:OneSignal:4.7.3] AndroidManifest.xml:116:25-81
164            </intent-filter>
165        </receiver>
166
167        <activity
167-->[com.onesignal:OneSignal:4.7.3] AndroidManifest.xml:120:9-126:75
168            android:name="com.onesignal.NotificationOpenedReceiver"
168-->[com.onesignal:OneSignal:4.7.3] AndroidManifest.xml:121:13-68
169            android:excludeFromRecents="true"
169-->[com.onesignal:OneSignal:4.7.3] AndroidManifest.xml:122:13-46
170            android:exported="true"
170-->[com.onesignal:OneSignal:4.7.3] AndroidManifest.xml:123:13-36
171            android:noHistory="true"
171-->[com.onesignal:OneSignal:4.7.3] AndroidManifest.xml:124:13-37
172            android:taskAffinity=""
172-->[com.onesignal:OneSignal:4.7.3] AndroidManifest.xml:125:13-36
173            android:theme="@android:style/Theme.Translucent.NoTitleBar" />
173-->[com.onesignal:OneSignal:4.7.3] AndroidManifest.xml:126:13-72
174        <activity
174-->[com.onesignal:OneSignal:4.7.3] AndroidManifest.xml:127:9-132:75
175            android:name="com.onesignal.NotificationOpenedReceiverAndroid22AndOlder"
175-->[com.onesignal:OneSignal:4.7.3] AndroidManifest.xml:128:13-85
176            android:excludeFromRecents="true"
176-->[com.onesignal:OneSignal:4.7.3] AndroidManifest.xml:129:13-46
177            android:exported="true"
177-->[com.onesignal:OneSignal:4.7.3] AndroidManifest.xml:130:13-36
178            android:noHistory="true"
178-->[com.onesignal:OneSignal:4.7.3] AndroidManifest.xml:131:13-37
179            android:theme="@android:style/Theme.Translucent.NoTitleBar" />
179-->[com.onesignal:OneSignal:4.7.3] AndroidManifest.xml:132:13-72
180        <!--
181             FirebaseMessagingService performs security checks at runtime,
182             but set to not exported to explicitly avoid allowing another app to call it.
183        -->
184        <service
184-->[com.google.firebase:firebase-messaging:19.0.0] AndroidManifest.xml:28:9-34:19
185            android:name="com.google.firebase.messaging.FirebaseMessagingService"
185-->[com.google.firebase:firebase-messaging:19.0.0] AndroidManifest.xml:29:13-82
186            android:exported="false" >
186-->[com.google.firebase:firebase-messaging:19.0.0] AndroidManifest.xml:30:13-37
187            <intent-filter android:priority="-500" >
187-->[com.google.firebase:firebase-messaging:19.0.0] AndroidManifest.xml:31:13-33:29
187-->[com.google.firebase:firebase-messaging:19.0.0] AndroidManifest.xml:31:28-51
188                <action android:name="com.google.firebase.MESSAGING_EVENT" />
188-->[com.google.firebase:firebase-messaging:19.0.0] AndroidManifest.xml:32:17-78
188-->[com.google.firebase:firebase-messaging:19.0.0] AndroidManifest.xml:32:25-75
189            </intent-filter>
190        </service>
191        <service
191-->[com.google.firebase:firebase-iid:19.0.0] AndroidManifest.xml:29:9-35:19
192            android:name="com.google.firebase.components.ComponentDiscoveryService"
192-->[com.google.firebase:firebase-iid:19.0.0] AndroidManifest.xml:30:13-84
193            android:exported="false" >
193-->[com.google.firebase:firebase-iid:19.0.0] AndroidManifest.xml:31:13-37
194            <meta-data
194-->[com.google.firebase:firebase-iid:19.0.0] AndroidManifest.xml:32:13-34:85
195                android:name="com.google.firebase.components:com.google.firebase.iid.Registrar"
195-->[com.google.firebase:firebase-iid:19.0.0] AndroidManifest.xml:33:17-96
196                android:value="com.google.firebase.components.ComponentRegistrar" />
196-->[com.google.firebase:firebase-iid:19.0.0] AndroidManifest.xml:34:17-82
197        </service>
198
199        <receiver
199-->[com.google.firebase:firebase-iid:19.0.0] AndroidManifest.xml:37:9-44:20
200            android:name="com.google.firebase.iid.FirebaseInstanceIdReceiver"
200-->[com.google.firebase:firebase-iid:19.0.0] AndroidManifest.xml:38:13-78
201            android:exported="true"
201-->[com.google.firebase:firebase-iid:19.0.0] AndroidManifest.xml:39:13-36
202            android:permission="com.google.android.c2dm.permission.SEND" >
202-->[com.google.firebase:firebase-iid:19.0.0] AndroidManifest.xml:40:13-73
203            <intent-filter>
203-->[com.google.firebase:firebase-iid:19.0.0] AndroidManifest.xml:41:13-43:29
204                <action android:name="com.google.android.c2dm.intent.RECEIVE" />
204-->[com.onesignal:OneSignal:4.7.3] AndroidManifest.xml:56:17-81
204-->[com.onesignal:OneSignal:4.7.3] AndroidManifest.xml:56:25-78
205            </intent-filter>
206        </receiver>
207
208        <activity
208-->[com.google.android.gms:play-services-base:17.0.0] AndroidManifest.xml:23:9-26:75
209            android:name="com.google.android.gms.common.api.GoogleApiActivity"
209-->[com.google.android.gms:play-services-base:17.0.0] AndroidManifest.xml:24:13-79
210            android:exported="false"
210-->[com.google.android.gms:play-services-base:17.0.0] AndroidManifest.xml:25:13-37
211            android:theme="@android:style/Theme.Translucent.NoTitleBar" />
211-->[com.google.android.gms:play-services-base:17.0.0] AndroidManifest.xml:26:13-72
212
213        <provider
213-->[com.google.firebase:firebase-common:18.0.0] AndroidManifest.xml:12:9-16:39
214            android:name="com.google.firebase.provider.FirebaseInitProvider"
214-->[com.google.firebase:firebase-common:18.0.0] AndroidManifest.xml:13:13-77
215            android:authorities="com.calendar.wafire.firebaseinitprovider"
215-->[com.google.firebase:firebase-common:18.0.0] AndroidManifest.xml:14:13-72
216            android:exported="false"
216-->[com.google.firebase:firebase-common:18.0.0] AndroidManifest.xml:15:13-37
217            android:initOrder="100" />
217-->[com.google.firebase:firebase-common:18.0.0] AndroidManifest.xml:16:13-36
218
219        <meta-data
219-->[com.google.android.gms:play-services-basement:17.0.0] AndroidManifest.xml:23:9-25:69
220            android:name="com.google.android.gms.version"
220-->[com.google.android.gms:play-services-basement:17.0.0] AndroidManifest.xml:24:13-58
221            android:value="@integer/google_play_services_version" />
221-->[com.google.android.gms:play-services-basement:17.0.0] AndroidManifest.xml:25:13-66
222
223        <provider
223-->[androidx.emoji2:emoji2:1.0.0] AndroidManifest.xml:26:9-34:20
224            android:name="androidx.startup.InitializationProvider"
224-->[androidx.emoji2:emoji2:1.0.0] AndroidManifest.xml:27:13-67
225            android:authorities="com.calendar.wafire.androidx-startup"
225-->[androidx.emoji2:emoji2:1.0.0] AndroidManifest.xml:28:13-68
226            android:exported="false" >
226-->[androidx.emoji2:emoji2:1.0.0] AndroidManifest.xml:29:13-37
227            <meta-data
227-->[androidx.emoji2:emoji2:1.0.0] AndroidManifest.xml:31:13-33:52
228                android:name="androidx.emoji2.text.EmojiCompatInitializer"
228-->[androidx.emoji2:emoji2:1.0.0] AndroidManifest.xml:32:17-75
229                android:value="androidx.startup" />
229-->[androidx.emoji2:emoji2:1.0.0] AndroidManifest.xml:33:17-49
230            <meta-data
230-->[androidx.work:work-runtime:2.7.1] AndroidManifest.xml:36:13-38:52
231                android:name="androidx.work.WorkManagerInitializer"
231-->[androidx.work:work-runtime:2.7.1] AndroidManifest.xml:37:17-68
232                android:value="androidx.startup" />
232-->[androidx.work:work-runtime:2.7.1] AndroidManifest.xml:38:17-49
233            <meta-data
233-->[androidx.lifecycle:lifecycle-process:2.4.0] AndroidManifest.xml:31:13-33:52
234                android:name="androidx.lifecycle.ProcessLifecycleInitializer"
234-->[androidx.lifecycle:lifecycle-process:2.4.0] AndroidManifest.xml:32:17-78
235                android:value="androidx.startup" />
235-->[androidx.lifecycle:lifecycle-process:2.4.0] AndroidManifest.xml:33:17-49
236        </provider>
237
238        <service
238-->[androidx.work:work-runtime:2.7.1] AndroidManifest.xml:41:9-46:35
239            android:name="androidx.work.impl.background.systemalarm.SystemAlarmService"
239-->[androidx.work:work-runtime:2.7.1] AndroidManifest.xml:42:13-88
240            android:directBootAware="false"
240-->[androidx.work:work-runtime:2.7.1] AndroidManifest.xml:43:13-44
241            android:enabled="@bool/enable_system_alarm_service_default"
241-->[androidx.work:work-runtime:2.7.1] AndroidManifest.xml:44:13-72
242            android:exported="false" />
242-->[androidx.work:work-runtime:2.7.1] AndroidManifest.xml:45:13-37
243        <service
243-->[androidx.work:work-runtime:2.7.1] AndroidManifest.xml:47:9-53:35
244            android:name="androidx.work.impl.background.systemjob.SystemJobService"
244-->[androidx.work:work-runtime:2.7.1] AndroidManifest.xml:48:13-84
245            android:directBootAware="false"
245-->[androidx.work:work-runtime:2.7.1] AndroidManifest.xml:49:13-44
246            android:enabled="@bool/enable_system_job_service_default"
246-->[androidx.work:work-runtime:2.7.1] AndroidManifest.xml:50:13-70
247            android:exported="true"
247-->[androidx.work:work-runtime:2.7.1] AndroidManifest.xml:51:13-36
248            android:permission="android.permission.BIND_JOB_SERVICE" />
248-->[androidx.work:work-runtime:2.7.1] AndroidManifest.xml:52:13-69
249        <service
249-->[androidx.work:work-runtime:2.7.1] AndroidManifest.xml:54:9-59:35
250            android:name="androidx.work.impl.foreground.SystemForegroundService"
250-->[androidx.work:work-runtime:2.7.1] AndroidManifest.xml:55:13-81
251            android:directBootAware="false"
251-->[androidx.work:work-runtime:2.7.1] AndroidManifest.xml:56:13-44
252            android:enabled="@bool/enable_system_foreground_service_default"
252-->[androidx.work:work-runtime:2.7.1] AndroidManifest.xml:57:13-77
253            android:exported="false" />
253-->[androidx.work:work-runtime:2.7.1] AndroidManifest.xml:58:13-37
254
255        <receiver
255-->[androidx.work:work-runtime:2.7.1] AndroidManifest.xml:61:9-66:35
256            android:name="androidx.work.impl.utils.ForceStopRunnable$BroadcastReceiver"
256-->[androidx.work:work-runtime:2.7.1] AndroidManifest.xml:62:13-88
257            android:directBootAware="false"
257-->[androidx.work:work-runtime:2.7.1] AndroidManifest.xml:63:13-44
258            android:enabled="true"
258-->[androidx.work:work-runtime:2.7.1] AndroidManifest.xml:64:13-35
259            android:exported="false" />
259-->[androidx.work:work-runtime:2.7.1] AndroidManifest.xml:65:13-37
260        <receiver
260-->[androidx.work:work-runtime:2.7.1] AndroidManifest.xml:67:9-77:20
261            android:name="androidx.work.impl.background.systemalarm.ConstraintProxy$BatteryChargingProxy"
261-->[androidx.work:work-runtime:2.7.1] AndroidManifest.xml:68:13-106
262            android:directBootAware="false"
262-->[androidx.work:work-runtime:2.7.1] AndroidManifest.xml:69:13-44
263            android:enabled="false"
263-->[androidx.work:work-runtime:2.7.1] AndroidManifest.xml:70:13-36
264            android:exported="false" >
264-->[androidx.work:work-runtime:2.7.1] AndroidManifest.xml:71:13-37
265            <intent-filter>
265-->[androidx.work:work-runtime:2.7.1] AndroidManifest.xml:73:13-76:29
266                <action android:name="android.intent.action.ACTION_POWER_CONNECTED" />
266-->[androidx.work:work-runtime:2.7.1] AndroidManifest.xml:74:17-87
266-->[androidx.work:work-runtime:2.7.1] AndroidManifest.xml:74:25-84
267                <action android:name="android.intent.action.ACTION_POWER_DISCONNECTED" />
267-->[androidx.work:work-runtime:2.7.1] AndroidManifest.xml:75:17-90
267-->[androidx.work:work-runtime:2.7.1] AndroidManifest.xml:75:25-87
268            </intent-filter>
269        </receiver>
270        <receiver
270-->[androidx.work:work-runtime:2.7.1] AndroidManifest.xml:78:9-88:20
271            android:name="androidx.work.impl.background.systemalarm.ConstraintProxy$BatteryNotLowProxy"
271-->[androidx.work:work-runtime:2.7.1] AndroidManifest.xml:79:13-104
272            android:directBootAware="false"